<?xml version="1.0" ?>
<!DOCTYPE coverage
  SYSTEM 'http://cobertura.sourceforge.net/xml/coverage-03.dtd'>
<coverage branch-rate="1" line-rate="1" timestamp="1429012488266" version="4.0a5">
	<!-- Generated by coverage.py: https://coverage.readthedocs.org/en/coverage-4.0a5 -->
	<sources>
		<source>/Users/alexandregigleux/Repos/sonar-examples/projects/languages/python/python-sonar-runner-coverage</source>
	</sources>
	<packages>
		<package branch-rate="1" complexity="0" line-rate="1" name="src">
			<classes>
				<class branch-rate="1" complexity="0" filename="src/purchase.py" line-rate="1" name="purchase.py">
					<methods/>
					<lines>
						<line hits="1" number="1"/>
						<line hits="1" number="3"/>
						<line hits="1" number="4"/>
						<line branch="true" condition-coverage="100% (2/2)" hits="1" number="7"/>
						<line hits="1" number="9"/>
					</lines>
				</class>
			</classes>
		</package>
	</packages>
</coverage>
